arlo/hot
dourm/stop
flub/school
pleve/bus
zym/seat

iv/eg
otas/ec
re/t

eek/piff
groff/slog
mook/blorf
snort/guz
tuck/gunk
zack/gag

a/A
b/C
c/B
d/D
e/E

a/za
b/yb
c/xc
d/wd
e/ve
f/uf
g/tg
h/sh
i/ri
j/qj
k/pk
l/ol

alpha/gama
beta/fudge
carotene/eps
delta/alfa
epsilon/betta
fi/carrotene
gamma/delt

a/l
b/k
c/j
d/i
e/a
f/b
g/c
h/d
i/e
j/f
k/g
l/h

a/za
b/yb
c/xc
d/wd
e/ve
f/uf
g/tg
h/sh
i/ri
j/qj
k/pk
l/ol
m/nm
n/mn
o/lo
p/kp
q/jq
r/ir
s/hs
t/gt
u/fu

CBQUPUO/gyudj
JIIO/cozpsg
KDAGZGDOP/cdjitup
PCEJ/vadhpnr
TPICX/jyssszii

DVDGSHLG/yymtneahfb
FHHODWTYO/uggvpfgpo
GCVTRYJ/lkbzwlsd
GGAC/fgtyfbjj
GZUW/dmchfmgz
HSR/txvrpczsg
HYYWDT/phcebqlnr
SBRXFL/gqyi
TMDU/bmqzdszydp
WDGWT/qnhqavkm

ABPWL/duojmt
CPZ/hzgtq
DQGHQAK/iaeupxfnj
EXPJMMSFJ/hnjgp
FIZETE/qjtffxb
FVS/cfgg
GHT/bbbs
JIJQYPED/ttoqapzcp
JTTS/xjyayz
KJWRF/mxhdf
MOT/ktopzpwm
MWZUECII/qjy
PGVNE/mbn
QMPC/tuiddpeoou
RABWJZ/ayvglrk
SRK/jmesuqmz
TFI/aerjfhmdza
UQDSOOOS/iyxtx
XBO/alh
YJSPYIJTMP/jggwidxl

ARDU/vfssyup
CRFZWALVJV/lbldbhkzf
EBSWBCH/tultn
GSRPGWEQ/jjltuja
HZH/rvhiupf
ISKBPNLQ/qlqnxkb
KBXXNIGEFS/xdk
KMR/ebkpmefbt
MCYOJSU/ufpsrifxqk
NTBA/xeq
OWFFXPS/ugxcxskwtq
QHB/npgtcg
RCEK/fuk
RDS/gixbvs
RTADVWIIE/ojeyirku
SLQPSPR/xbstid
TYFFH/xnvdnjzr
UBG/mkchxs
YZBORP/awhclske
ZCCSPAHDL/sqz

BQD/fpyveip
CCNOACHS/myjjg
CLKGCNC/rywlhxzss
EBRJPZ/wwvyck
EFZIVVR/gajufqoqi
FGPINWF/ntwtnpq
HQGLH/hdlufcq
ILKSNZTU/notdegrg
IVVJTTT/fmkqa
JNKJSPXN/orkwayxzh
JQQNFDJ/sltptnj
KYP/omh
MOKEETMQVN/bntvyfcskw
NJLGPNPN/vqdelp
NKDEHBRC/jkxupmc
NVECTT/iwqz
OKU/wcnx
QFPPYZYN/bzswt
QLML/wjpwhv
QMLHCUQM/pxp
RLBDCAWFI/lvu
RRD/mdmzy
VHFOGV/baeudnov
VVNJK/qdbwjub
ZFQHPLBMGZ/lzuubll

AZV/adw
CHS/mmvfqshnoi
DXQQHKF/kfqjdei
FGP/alqdsal
GBNZPDO/mij
GRLTF/yzf
HDDFFLGGTR/procr
IGZEDPNYE/zuejskmo
IKAUBKPXTR/nqna
KBIIYIAOGV/pwswquvnw
KYHTFX/xsggvqxqe
LOTP/vpdobwt
POLFDXDXFX/nmgeamy
PPPKDERBLG/ybvmfuijcn
RQDASLXJ/feqvxpk
RVAIP/prcfgtx
RYDJRUMZB/ngiwd
UBGFEACF/ipfsrwgbr
ZQJODGVAL/zgoyud
ZYGYIY/frmz

AYUIPIO/qndwgnbdac
CPFJHGBT/ujnl
DHGFUY/mmhcyel
EODLCVU/ajfysybp
FVPFC/ztlodik
HKDWLEJNIH/xde
HUMZQRHK/qbktwwry
HZGZYK/kgqznowd
IGDHJJ/mfo
KRQAH/swsxwynh
LNY/pdf
NFTTSDKE/tlsrrxm
NVA/lqbbraz
NYEUEJLSQB/sujq
OFHPPEHOQ/zbhef
PKEQGEZ/nxegtch
PPUEGQL/xglivkm
RBXFUXDPSF/vezsjcvk
VWAR/bslpzdawdo
XAJ/xtq
XHL/rkwmsnxsl
YJZKBVFN/mqmqqwaaa
YNWDFGJNVB/qbb
YWU/pkezscorpd
ZXDCCGB/mbyujrez

ABRQC/wbvgxxay
CTX/fpj
DALXNLH/qgdwv
EHN/vly
EKVBNUQ/dklrl
EUCYJDCKXR/haqi
EXHEWWOKH/jns
EYTA/zmzfbmrhbq
FAQZKM/mwpbfosjx
FINC/igcc
GYT/rjwfrrpc
GZWEFVPOZ/ylmxmsik
IZU/uarvcy
KBQCKYFK/trwzy
KLPEBUTQ/njxuushyno
MOU/owntzszw
NXT/howtm
OCQ/ahihookj
QMU/jyjlhw
TAXC/vmcaq
UDWDTW/pqm
XJPZGE/cbq
XMSLS/azy
YCTPBWHT/vtvch
YDFQPVEZ/mffyp

CFTLGKOH/nryxwec
DDXDU/nrvamaxgd
EDQI/rbwhebykh
EQSBZZP/yqj
EWH/nkwan
GJITZ/tjdlmpt
JCWFQJUK/agz
JEUU/yiretwsnh
MHP/sajthdz
OXXXI/gfdktjwkr
PDJARO/oteoauvtyj
SFPGGLSSN/tdaeiccbt
SWAAA/crsfokvsds
THGE/blgngta
TPF/smlsuzqj
VHFQ/yecg
VNXW/ddgn
VTR/rfyckh
WFFQWVW/lhsx
XHJSBZN/ddhmjem
YVPERREMY/ijme
ZFFTFZM/psthc
ZKDDQCTSJ/hujudcuasv
