-1
-1
-1
-1
-1
-1
58 59 95 17 92 40 26 82
-1
-1
-1
1 83 68 27 78 45 73 10
-1
80 34 25 75
-1
-1
-1
-1
-1
-1
-1
79 49 70 36 96 25 46 74 50 97
-1
-1
57 72 12 17 31 40 26 8
-1
13 1 19 20 90 72 79 18 5 89
-1
-1
3 13 1 35 20 90 99 57 83 18
-1
44
-1
52 63 76 93 72 79 83 5 21 69
-1
-1
-1
-1
66 4 16 100 6
-1
53 65 67 50 7 64 8
91 34 92 88
-1
-1
-1
-1
2 44 20 90 99 93 72 18 21 69
-1
-1
55 9 56 22 75 78 6
-1
-1
-1
-1
24 63 81 44 19 20 90 57 72 79
-1
35 99 93 5 69 42 62 66 32 70
-1
38 27 59 22 40
-1
-1
-1
-1
87 2 60 1 15 35 19 94 99 57
-1
-1
-1
-1
-1
-1
-1
-1
-1
-1
60 56 96 77
-1
-1
-1
-1
-1
-1
-1
-1
-1
-1
18 51 96 17 26 77 8
-1
1 81 15 94 83 18 5 21 89 11
-1
-1
-1
-1
-1
-1
-1
70 97
-1
-1
-1
-1
-1
