Case 1:
12
37
7
1
46
2
3
6
44
27
32
43
Case 2:
1
26
63
28
33
34
42
60
37
3
17
31
24
2
4
69
30
9
60
51
51
52
10
32
43
55
5
10
66
36
4
35
44
29
36
40
16
57
50
22
1
45
64
44
19
51
42
7
15
Case 3:
12
1
2
29
Case 4:
59
34
18
45
53
50
7
22
49
1
54
14
39
57
9
26
2
68
43
Case 5:
1
62
47
69
28
29
8
2
3
4
50
56
22
Case 6:
1
62
52
28
3
71
77
55
79
80
22
34
24
64
59
Case 7:
47
51
57
25
91
91
37
12
16
91
29
35
Case 8:
1
1
1
1
1
1
1
1
1
1
1
1
1
Case 9:
19
32
13
30
40
45
22
48
15
1
Case 10:
1
38
2
3
27
9
52
7
27
12
5
65
60
42
4
32
30
5
37
46
26
2
17
8
11
56
42
6
10
13
44
53
27
14
46
15
16
18
19
67
17
23
21
45
19
68
44
6
