NO EXPRESSION
NO EXPRESSION
20541-12372-26460-8844+26376+3402+3743-16201-10406+18682+23805-10468+1173-14050-18140+13499-7059-13304+26112*510+16810-30787-4728+3764+7543-7128-4693-9875-13293+22817-2920-6185-7540+29379-15029-1915-5132+23123+18116-19889-9804-14272+30356+15328-673-20847-1179-7731-6503+27290+8241-27664+30428-17320-31427-5970+28799-4119+20197+10091-31288+23116-20627-6827+24846-8007-8742-2329+31129-31209+22217-8933+17832-24925+24260-18505+13771-25438+30587-24625+25080-11179-20288+27859-28498+24066-1829-29648+28185-26377-7738+31824-17492=717
14689-8723-19743+17017-7852-18951+7233+16784+9135+4509-13395-31991+22632+11185-30577+15256/4264+14108+3544-4474+14957-31961+10654+12605-28145+5030-24694+320+26873-25410+6970-9561+2133+26712+26577-9984-18015+6162-31119+31501-10670-16865+31491-5653+28049-2419-20909-4664+16526-28804=-9138
28764-19791-16439+29261-29173-13484+29580-24045-11246+8901+1606-13378+7965+534+27713-25979+6695+31183-29831+21717-16047+29321-27369+12096-4091-16277-16759+24969-17432+30248-28803+18548+22391-17593+15808=19563
17739-11607+10321-26640+17564-28050+2604+18098+28114-934-29144+27296-30764+18860-11343+436+14229-27790-4526+2857-12548+29494+24641-15148-26296+11188+5538+16240-31347+29452-15316-17085-9058+29988-11724+30974-30390+18679-21423+26503-19612+18566-21799+22727-5426-5493+23162-24006-1282-27688+31214-18181+29533-23854-1328+23829+7393-11217-12420-6739-8668-87+23824-22078+30075-7899-21051-816+30930+10473-27318-18541+29038-21468-13620-6815=-26960
3172-593+4820+2386+18774-2353-26239-24453+30533-1632-3670+10952+12722-12337-11039-8897-2414-13465+16796+27816-14280+20077-6288-13949-10969-7678-3417+24588+18844-2728-29369+22016-3321-6540-24401+26446-8892+22991-18898-11776+28974-22567+22728-9696-7256-6118+18592+9669-23934-7739-5485-6213+27815-16124+24513-6784-28153+27929-3723+14997-3009-5443-5012+10681-11983-1764-5126+25226-29106+24023+5002-26080+18942-81+8127-26197-10550+26718+8217-2483-6809=18053
6975+2177+5559-18110+2681+5840-21833+17677+8848-27275+27040-23880-7257-1155+29005-4835-30261+25379-9836+24340+12320-14268+4818+10868-24817/31535-19085+27299+10695-5137-12697+17670+11665-18255+3779-14346-28446+29963-4374-9645+25238-31414-1524-4846-568+30528-9680=-3180
23867-31871+8578-10486-4688+19446+3302+8575+10882+2952-19269-16018-15648+4938-35+6255+13069+14380-2700-11031+18753-12345-8620+22518-18220+17818-27438-21100+31849-2969+17358-28068-2840+25935-6553-7527+17732-9855-16101+28613-17158-7722+16983-806+17011-21369+11412-2431+8100-14111-17814+31204-30807+26433-21722+21379-16602+21511-10478=16451
27835-12518-27318+21769-23422-7197+11853+1276+27649-12817-18434-3370-2151+23591-24733+23519-7354+27163-31618+25816-12976-30822+24623+11761-24895+14001+28362-14405-28830+17164-11235+24664-2033-6553-18784+25455-18101+30636-31082+18101-15805+21867-21471+17955-13457+18555+9474-20810+13717-13443+14626-26693+16616+11600-10805+13862-29952-7166+28266-26781+24330-11853-23796+30714-18405-10579+24168-8857-9215+23250-26957+25019+13116-20779-15325+30925+7333-29150-24086=-25402
11063-20094+31560-27014+30898-13422-29317+10415-14039+28449-7096-25891+20244-5810-16647+30823-2329+29855-12389-29930+24812+9759-11046+13590-29435+14322-25275+26585-10759+18676+9529-21822-11121+13440-21187-14370+31213-18504+29136+13252-14952-4232+11494-7548-14393=493
NO EXPRESSION
NO EXPRESSION
14800-12911-2688+28525-29555+31648-30447+26099-15351-28509-5715+20127+24917-12793+11905-16835-25089+6082+17852-16743-16979+29946+14339-27707-7792+31756-28086+26510-14082-7303-4469+28881-20213-7157+29757-22119-11156+28203-20569+26506-24711+26284+14633-17628-7076+26537-6814-4516-619-24666+25611-21949+26963-7949-17655-2755-7704-13740+29264-26137=-21042
23017-13606-13241-25126+3725+24396+21328-24293-23253+18391+22928+5885-8370-30003-4774+15183-6871-9744+12200+481+31692-7163-12781*21699-14269-20484-3438+11532+14620-28832+21968+9988-10437-3208+3113+14161-31955+28793-10806+23208-19535-1733-1444+27904-4088-10569+15438-10958-20312+27638-11438-24356-7152+24218-14054+21420-17053+21843-5303-4024+18674-27271+18363-29111-2830+25828+15623-7137-26972+26428-30344-14506+28161-4139-14761-248-14708+30198+15557-7371-30187+26994-4078-9690+23563=18131
12967+12326-13116+16990-30999+12738+3352-461+15567-1531-16084-27055+28502+10511-25398+11007-11023-1889+25767-15622+16596-28317+31178-28318+30855-30523/396-8545+26437-22878-16357+7403-3203+29472-28744+6554-10209-96-7014+30128+5978-23097+25182-2480-5960+22932-13486-16982+24820+11605-4956-13767+12273-8485-10084+15479+7008-10479-28375-1444-1357=-12732
8911-14555-9942+15464+29116-14389-22478+27243-20367+17926-24776+22846-23885-20059+8683+13219-17230+24639-22526+30996+4911-31010+13432+20390-6017-28262+21116-11813-1970-1847+29363-10881+16402+7304-26344+17869-26045+21173-13111+14411+7099-10238-9608-3335-2649+18290-20905+19878+10929-11430-23226+20191+10440-9009-12932+20808+5270-2048+4972-7240-8246-2334-18120+28999-13990+16815-14867-8034-10340-329+26796-17438-10567-4403+25124-17567+22692+14029-5444-5972-25458-1021+26163-3897+10029-7094-24705+19651+13493-2028-26890+21739-4362-17361+18737-22703-6527-1604+30736=16866
25531-6655-16850+2285-31779-2416+24976+13807-12212-3300+11616-13232-1814-15513+27613+13259+12569-15263-26752+14596-14504-16490+23309+31864-3226-14011+10742-9181-17098+27608-11113-10628=-2262
12912+2040+2730+10240-20198-14941+17891-31814+524+19704+19678-488/962+4598-20102+27713-19193+2605+16554+14854-6820-19780+28864-17562-1312-18314+17521-12424-28941+19782-12738+14205+26174+15467-28796+18723-2759-14686+22888-3282+6741-10565-3770-7702+15162-23871-7767-6707+30828-24320+25912-9999+16451-27127+27560-17763+13440-13080-2538+14733-5214+15275=28937
3093-30084+22461-5851+17121+13349-13485+23861-23913+17254-31562+11427+13476+11680-22485-16655+4000-16396+26654+20450-15874-26565-10564+29314-11997-13102+12046+21562-728-13334+25300-3821+11417-15760+14023-28537+29108-27507-24749=-25373
NO EXPRESSION
NO EXPRESSION
31583-30397+9888-22534-7890+18494-8049+23595-28766+9912-24753+23434+1336-26639+31436-18059+4696+18853+22893-28776-11511+29187-20715+24564-28853+25413-6631-10021+5402+24687-31527+9336-27435-9414+31869-7677-260-12269+31271-1377-22180+28376-29162+27867-27366+28597-13925-61-19802-9170-1189+31312-6356-21903+28227=7561
2858+21933-29420+31896-21460-6755+31683-3225-10976+7359-7836-23244-10981+9212+17776-7356-6374-13642+2721+7322+31919+7134-27123+9088+8322-26434+19795+2576-22661+27355-22242+29870-17288-19661+29765-11099-30767+29447+14323-9742-4805+22159-5338-15786-3722-23113+27493+14447-4754-30214+26121-4672-9699+21243-18111+22372-15677-5906+24947-10689-5612-19540-8558+27251-11552-6322-6349=-10318
NO EXPRESSION

